<?xml version="1.0" encoding="UTF-8"?>
<!-- Generated by org.testng.reporters.JUnitReportReporter -->
<testsuite hostname="SWAPNIL" failures="0" tests="1" name="TestCases.loginTestCases" time="5.893" errors="0" timestamp="2024-12-26T06:58:32 IST" skipped="0">
  <testcase classname="TestCases.loginTestCases" name="verifyLoginwithData" time="5.893"/>
  <system-out/>
</testsuite> <!-- TestCases.loginTestCases -->
