<?xml version="1.0" encoding="UTF-8"?>
<!-- Generated by org.testng.reporters.JUnitReportReporter -->
<testsuite hostname="SWAPNIL" failures="0" tests="2" name="TestCases.registrationTestCases" time="13.682" errors="0" timestamp="2024-12-26T06:58:32 IST" skipped="0">
  <testcase classname="TestCases.registrationTestCases" name="verifyRegistrationWithBlankData" time="6.284"/>
  <system-out/>
  <testcase classname="TestCases.registrationTestCases" name="verifyregistrationwithValidData" time="7.398"/>
  <system-out/>
</testsuite> <!-- TestCases.registrationTestCases -->
